2021-11-16 10:01:56.050  INFO 11480 --- [main] c.example.tcrating.TcRatingApplication   : Starting TcRatingApplication using Java 13.0.2 on LAPTOP-7PGF03J9 with PID 11480 (E:\TCRating\target\classes started by Punia in E:\TCRating)
2021-11-16 10:01:56.053  INFO 11480 --- [main] c.example.tcrating.TcRatingApplication   : No active profile set, falling back to default profiles: default
2021-11-16 10:01:56.657  INFO 11480 --- [main] .s.d.r.c.RepositoryConfigurationDelegate : Bootstrapping Spring Data JPA repositories in DEFAULT mode.
2021-11-16 10:01:56.722  INFO 11480 --- [main] .s.d.r.c.RepositoryConfigurationDelegate : Finished Spring Data repository scanning in 56 ms. Found 9 JPA repository interfaces.
2021-11-16 10:01:57.152  INFO 11480 --- [main] o.s.b.w.embedded.tomcat.TomcatWebServer  : Tomcat initialized with port(s): 8080 (http)
2021-11-16 10:01:57.180  INFO 11480 --- [main] o.apache.catalina.core.StandardService   : Starting service [Tomcat]
2021-11-16 10:01:57.181  INFO 11480 --- [main] org.apache.catalina.core.StandardEngine  : Starting Servlet engine: [Apache Tomcat/9.0.54]
2021-11-16 10:01:57.281  INFO 11480 --- [main] o.a.c.c.C.[Tomcat].[localhost].[/]       : Initializing Spring embedded WebApplicationContext
2021-11-16 10:01:57.281  INFO 11480 --- [main] w.s.c.ServletWebServerApplicationContext : Root WebApplicationContext: initialization completed in 1184 ms
2021-11-16 10:01:57.377  INFO 11480 --- [main] o.hibernate.jpa.internal.util.LogHelper  : HHH000204: Processing PersistenceUnitInfo [name: default]
2021-11-16 10:01:57.409  INFO 11480 --- [main] org.hibernate.Version                    : HHH000412: Hibernate ORM core version 5.4.32.Final
2021-11-16 10:01:57.532  INFO 11480 --- [main] o.hibernate.annotations.common.Version   : HCANN000001: Hibernate Commons Annotations {5.1.2.Final}
2021-11-16 10:01:57.614  INFO 11480 --- [main] com.zaxxer.hikari.HikariDataSource       : HikariPool-1 - Starting...
2021-11-16 10:01:57.701  INFO 11480 --- [main] com.zaxxer.hikari.HikariDataSource       : HikariPool-1 - Start completed.
2021-11-16 10:01:57.714  INFO 11480 --- [main] org.hibernate.dialect.Dialect            : HHH000400: Using dialect: org.hibernate.dialect.MySQL5InnoDBDialect
2021-11-16 10:01:58.241  INFO 11480 --- [main] o.h.e.t.j.p.i.JtaPlatformInitiator       : HHH000490: Using JtaPlatform implementation: [org.hibernate.engine.transaction.jta.platform.internal.NoJtaPlatform]
2021-11-16 10:01:58.247  INFO 11480 --- [main] j.LocalContainerEntityManagerFactoryBean : Initialized JPA EntityManagerFactory for persistence unit 'default'
2021-11-16 10:01:58.721  WARN 11480 --- [main] JpaBaseConfiguration$JpaWebConfiguration : spring.jpa.open-in-view is enabled by default. Therefore, database queries may be performed during view rendering. Explicitly configure spring.jpa.open-in-view to disable this warning
2021-11-16 10:01:59.088  INFO 11480 --- [main] o.s.b.w.embedded.tomcat.TomcatWebServer  : Tomcat started on port(s): 8080 (http) with context path ''
2021-11-16 10:01:59.096  INFO 11480 --- [main] c.example.tcrating.TcRatingApplication   : Started TcRatingApplication in 3.368 seconds (JVM running for 4.011)
2021-11-16 10:02:03.803  INFO 11480 --- [http-nio-8080-exec-1] o.a.c.c.C.[Tomcat].[localhost].[/]       : Initializing Spring DispatcherServlet 'dispatcherServlet'
2021-11-16 10:02:03.804  INFO 11480 --- [http-nio-8080-exec-1] o.s.web.servlet.DispatcherServlet        : Initializing Servlet 'dispatcherServlet'
2021-11-16 10:02:03.807  INFO 11480 --- [http-nio-8080-exec-1] o.s.web.servlet.DispatcherServlet        : Completed initialization in 3 ms
2021-11-16 10:03:38.891  INFO 11480 --- [RMI TCP Connection(4)-127.0.0.1] inMXBeanRegistrar$SpringApplicationAdmin : Application shutdown requested.
2021-11-16 10:03:39.043  INFO 11480 --- [RMI TCP Connection(4)-127.0.0.1] j.LocalContainerEntityManagerFactoryBean : Closing JPA EntityManagerFactory for persistence unit 'default'
2021-11-16 10:03:39.045  INFO 11480 --- [RMI TCP Connection(4)-127.0.0.1] com.zaxxer.hikari.HikariDataSource       : HikariPool-1 - Shutdown initiated...
2021-11-16 10:03:39.051  INFO 11480 --- [RMI TCP Connection(4)-127.0.0.1] com.zaxxer.hikari.HikariDataSource       : HikariPool-1 - Shutdown completed.
